<?xml version="1.0" encoding="UTF-8"?>
<testng-results ignored="0" total="1" passed="1" failed="0" skipped="0">
  <reporter-output>
  </reporter-output>
  <suite started-at="2019-04-04T04:01:56Z" name="Suite" finished-at="2019-04-04T04:01:56Z" duration-ms="95">
    <groups>
    </groups>
    <test started-at="2019-04-04T04:01:56Z" name="Test" finished-at="2019-04-04T04:01:56Z" duration-ms="95">
      <class name="Testing.Demo">
        <test-method signature="run()[pri:0, instance:Testing.Demo@34e9fd99]" started-at="2019-04-04T04:01:56Z" name="run" finished-at="2019-04-04T04:01:56Z" duration-ms="16" status="PASS">
          <reporter-output>
          </reporter-output>
        </test-method> <!-- run -->
      </class> <!-- Testing.Demo -->
    </test> <!-- Test -->
  </suite> <!-- Suite -->
</testng-results>
